<?xml version="1.0" encoding="UTF-8"?>
<!-- Generated by org.testng.reporters.JUnitXMLReporter -->
<testsuite hostname="DESKTOP-6D3FG3E" ignored="0" name="Test" tests="6" failures="0" timestamp="2021-05-14T09:28:45 CEST" time="30.598" errors="0">
  <testcase name="launchURL" time="6.092" classname="com.qa.testcases.ContorionPageTest"/>
  <testcase name="loginIntoContorionPortal" time="6.239" classname="com.qa.testcases.ContorionPageTest"/>
  <testcase name="selectFirstProduct" time="6.03" classname="com.qa.testcases.ContorionPageTest"/>
  <testcase name="addProductToCart" time="4.294" classname="com.qa.testcases.ContorionPageTest"/>
  <testcase name="verifyItemsInCart" time="2.753" classname="com.qa.testcases.ContorionPageTest"/>
  <testcase name="enterBillingAddressToProceedForPayment" time="2.347" classname="com.qa.testcases.ContorionPageTest"/>
</testsuite> <!-- Test -->
